<?xml version="1.0" encoding="UTF-8"?>
<testng-results skipped="0" failed="0" total="1" passed="1">
  <reporter-output>
  </reporter-output>
  <suite name="Suite" duration-ms="39" started-at="2019-10-03T10:49:52Z" finished-at="2019-10-03T10:49:52Z">
    <groups>
    </groups>
    <test name="Test" duration-ms="39" started-at="2019-10-03T10:49:52Z" finished-at="2019-10-03T10:49:52Z">
      <class name="demopackage.Demotest">
        <test-method status="PASS" signature="add()[pri:0, instance:demopackage.Demotest@724af044]" name="add" duration-ms="16" started-at="2019-10-03T16:19:52Z" finished-at="2019-10-03T16:19:52Z">
          <reporter-output>
          </reporter-output>
        </test-method> <!-- add -->
      </class> <!-- demopackage.Demotest -->
    </test> <!-- Test -->
  </suite> <!-- Suite -->
</testng-results>
