<?xml version="1.0" encoding="UTF-8"?>
<testng-results skipped="0" failed="0" total="1" passed="1">
  <reporter-output>
  </reporter-output>
  <suite name="Suite" duration-ms="51074" started-at="2019-10-03T13:23:56Z" finished-at="2019-10-03T13:24:47Z">
    <groups>
    </groups>
    <test name="Test" duration-ms="51074" started-at="2019-10-03T13:23:56Z" finished-at="2019-10-03T13:24:47Z">
      <class name="driverFactory.AppTest">
        <test-method status="PASS" signature="kickStart()[pri:0, instance:driverFactory.AppTest@724af044]" name="kickStart" duration-ms="51051" started-at="2019-10-03T18:53:56Z" finished-at="2019-10-03T18:54:47Z">
          <reporter-output>
          </reporter-output>
        </test-method> <!-- kickStart -->
      </class> <!-- driverFactory.AppTest -->
    </test> <!-- Test -->
  </suite> <!-- Suite -->
</testng-results>
